
Due to MODULEPATH changes, the following have been reloaded:
  1) mii/1.1.2

The following have been reloaded with a version change:
  1) StdEnv/2023 => StdEnv/2020           5) libfabric/1.18.0 => libfabric/1.10.1
  2) gcccore/.12.3 => gcccore/.9.3.0      6) openmpi/4.1.5 => openmpi/4.0.3
  3) gentoo/2023 => gentoo/2020           7) pmix/4.2.4 => pmix/3.1.5
  4) imkl/2023.2.0 => imkl/2020.1.217     8) ucx/1.14.1 => ucx/1.8.0

Using device: cuda
Using VAE-GAN architecture with pixel-space discrimination
Total number of VAE parameters: 15,763,681
Total number of Discriminator parameters: 1,602,753
Total model parameters: 17,366,434
Traceback (most recent call last):
  File "/scratch/beum/motorVAE/motorVAEGAN.py", line 969, in <module>
    main(args)
  File "/scratch/beum/motorVAE/motorVAEGAN.py", line 859, in main
    losses = train_vae_gan_with_kld_schedule(
  File "/scratch/beum/motorVAE/motorVAEGAN.py", line 459, in train_vae_gan_with_kld_schedule
    current_kld_weight = kld_scheduler(epoch, total_epochs=epochs)
TypeError: kld_scheduler() got an unexpected keyword argument 'total_epochs'
